2018-07-02 17:09:12 INFO  Main:50 - Starting fijnstof, machine id: None
2018-07-02 17:09:12 INFO  Main:29 - UART (Serial) device: ttyUSB0
2018-07-02 17:09:12 INFO  Domoticz:15 - Domoticz host: 192.168.178.30, port: 8080
2018-07-02 17:09:12 INFO  Domoticz:16 - PM2.5 IDX: 296, PM10 IDX: 297
2018-07-02 17:09:12 DEBUG Luftdaten:22 - Luftdaten ID: None
2018-07-02 17:09:12 ERROR Serial:20 - Serial port ttyUSB0 not found
2018-07-02 17:09:12 ERROR Main:46 - Serial device not found
2018-07-02 19:05:28 INFO  Main:50 - Starting fijnstof, machine id: None
2018-07-02 19:05:28 INFO  Main:29 - UART (Serial) device: ttyUSB0
2018-07-02 19:05:28 INFO  Domoticz:15 - Domoticz host: 192.168.178.30, port: 8080
2018-07-02 19:05:28 INFO  Domoticz:16 - PM2.5 IDX: 296, PM10 IDX: 297
2018-07-02 19:05:28 DEBUG Luftdaten:22 - Luftdaten ID: None
2018-07-02 19:05:28 ERROR Serial:20 - Serial port ttyUSB0 not found
2018-07-02 19:05:28 ERROR Main:46 - Serial device not found
2018-07-02 19:06:58 INFO  Main:50 - Starting fijnstof, machine id: None
2018-07-02 19:06:58 INFO  Main:29 - UART (Serial) device: ttyUSB0
2018-07-02 19:06:58 INFO  Domoticz:15 - Domoticz host: 192.168.178.30, port: 8080
2018-07-02 19:06:58 INFO  Domoticz:16 - PM2.5 IDX: 296, PM10 IDX: 297
2018-07-02 19:06:58 DEBUG Luftdaten:22 - Luftdaten ID: None
2018-07-02 19:06:58 ERROR Serial:20 - Serial port ttyUSB0 not found
2018-07-02 19:06:58 ERROR Main:46 - Serial device not found
2018-07-02 19:11:23 INFO  Main:50 - Starting fijnstof, machine id: None
2018-07-02 19:11:23 INFO  Main:29 - UART (Serial) device: ttyUSB0
2018-07-02 19:11:23 INFO  Domoticz:15 - Domoticz host: 192.168.178.30, port: 8080
2018-07-02 19:11:23 INFO  Domoticz:16 - PM2.5 IDX: 296, PM10 IDX: 297
2018-07-02 19:11:23 DEBUG Luftdaten:22 - Luftdaten ID: None
2018-07-02 19:11:23 ERROR Serial:20 - Serial port ttyUSB0 not found
2018-07-02 19:11:23 ERROR Main:46 - Serial device not found
2018-07-02 19:12:48 INFO  Main:50 - Starting fijnstof, machine id: None
2018-07-02 19:12:48 INFO  Main:29 - UART (Serial) device: ttyUSB0
2018-07-02 19:12:48 INFO  Domoticz:15 - Domoticz host: 192.168.178.30, port: 8080
2018-07-02 19:12:48 INFO  Domoticz:16 - PM2.5 IDX: 296, PM10 IDX: 297
2018-07-02 19:12:48 DEBUG Luftdaten:22 - Luftdaten ID: None
2018-07-02 19:12:48 ERROR Serial:20 - Serial port ttyUSB0 not found
2018-07-02 19:12:48 ERROR Main:46 - Serial device not found
